<?xml version="1.0" encoding="UTF-8"?>
<!-- Generated by org.testng.reporters.JUnitReportReporter -->
<testsuite hostname="Work_PC" name="com.Qsp.DemoC" tests="1" failures="0" timestamp="12 Feb 2015 09:24:23 GMT" time="16.202" errors="0">
  <testcase name="Login_Logout" time="16.202" classname="com.Qsp.DemoC"/>
</testsuite> <!-- com.Qsp.DemoC -->
