<?xml version="1.0" encoding="UTF-8"?>
<!-- Generated by org.testng.reporters.JUnitReportReporter -->
<testsuite hostname="Work_PC" name="com.Qsp.DemoB" tests="1" failures="0" timestamp="18 Feb 2015 11:27:57 GMT" time="17.024" errors="0">
  <testcase name="Login_Logout" time="17.024" classname="com.Qsp.DemoB"/>
</testsuite> <!-- com.Qsp.DemoB -->
