<?xml version="1.0" encoding="UTF-8"?>
<!-- Generated by org.testng.reporters.JUnitReportReporter -->
<testsuite hostname="Work_PC" name="com.Lsac.HomePageUIValidation" tests="1" failures="0" timestamp="17 Feb 2020 09:27:42 GMT" time="17.193" errors="0">
  <testcase name="UIValidationofHomePageTest" time="17.193" classname="com.Lsac.HomePageUIValidation"/>
</testsuite> <!-- com.Lsac.HomePageUIValidation -->
