<?xml version="1.0" encoding="UTF-8"?>
<!-- Generated by org.testng.reporters.JUnitReportReporter -->
<testsuite hostname="Work_PC" name="com.Lsac.OfficialLSATPrepEndtoEnd" tests="1" failures="0" timestamp="17 Feb 2020 09:27:42 GMT" time="21.153" errors="0">
  <testcase name="OfficialLSATPrepEndtoEndTest" time="21.153" classname="com.Lsac.OfficialLSATPrepEndtoEnd"/>
</testsuite> <!-- com.Lsac.OfficialLSATPrepEndtoEnd -->
